2022-12-21 08:57:42.898  INFO [card-issuer,,] 13036 --- [main] LoadBalancerBalanceClientIntegrationTest : Starting LoadBalancerBalanceClientIntegrationTest using Java 16 on DESKTOP-KK0E7CC with PID 13036 (started by Abramcev in D:\cardissuer)
2022-12-21 08:57:42.899 DEBUG [card-issuer,,] 13036 --- [main] LoadBalancerBalanceClientIntegrationTest : Running with Spring Boot v2.7.4, Spring v5.3.23
2022-12-21 08:57:42.900  INFO [card-issuer,,] 13036 --- [main] LoadBalancerBalanceClientIntegrationTest : The following 1 profile is active: "test"
2022-12-21 08:57:44.529  INFO [card-issuer,,] 13036 --- [main] .s.d.r.c.RepositoryConfigurationDelegate : Multiple Spring Data modules found, entering strict repository configuration mode
2022-12-21 08:57:44.532  INFO [card-issuer,,] 13036 --- [main] .s.d.r.c.RepositoryConfigurationDelegate : Bootstrapping Spring Data JPA repositories in DEFAULT mode.
2022-12-21 08:57:44.722  INFO [card-issuer,,] 13036 --- [main] .s.d.r.c.RepositoryConfigurationDelegate : Finished Spring Data repository scanning in 183 ms. Found 6 JPA repository interfaces.
2022-12-21 08:57:44.733  INFO [card-issuer,,] 13036 --- [main] .s.d.r.c.RepositoryConfigurationDelegate : Multiple Spring Data modules found, entering strict repository configuration mode
2022-12-21 08:57:44.736  INFO [card-issuer,,] 13036 --- [main] .s.d.r.c.RepositoryConfigurationDelegate : Bootstrapping Spring Data Redis repositories in DEFAULT mode.
2022-12-21 08:57:44.755  INFO [card-issuer,,] 13036 --- [main] .RepositoryConfigurationExtensionSupport : Spring Data Redis - Could not safely identify store assignment for repository candidate interface com.modsen.cardissuer.repository.AccessRepository; If you want this repository to be a Redis repository, consider annotating your entities with one of these annotations: org.springframework.data.redis.core.RedisHash (preferred), or consider extending one of the following types with your repository: org.springframework.data.keyvalue.repository.KeyValueRepository
2022-12-21 08:57:44.756  INFO [card-issuer,,] 13036 --- [main] .RepositoryConfigurationExtensionSupport : Spring Data Redis - Could not safely identify store assignment for repository candidate interface com.modsen.cardissuer.repository.CardRepository; If you want this repository to be a Redis repository, consider annotating your entities with one of these annotations: org.springframework.data.redis.core.RedisHash (preferred), or consider extending one of the following types with your repository: org.springframework.data.keyvalue.repository.KeyValueRepository
2022-12-21 08:57:44.758  INFO [card-issuer,,] 13036 --- [main] .RepositoryConfigurationExtensionSupport : Spring Data Redis - Could not safely identify store assignment for repository candidate interface com.modsen.cardissuer.repository.CompanyRepository; If you want this repository to be a Redis repository, consider annotating your entities with one of these annotations: org.springframework.data.redis.core.RedisHash (preferred), or consider extending one of the following types with your repository: org.springframework.data.keyvalue.repository.KeyValueRepository
2022-12-21 08:57:44.758  INFO [card-issuer,,] 13036 --- [main] .RepositoryConfigurationExtensionSupport : Spring Data Redis - Could not safely identify store assignment for repository candidate interface com.modsen.cardissuer.repository.RoleRepository; If you want this repository to be a Redis repository, consider annotating your entities with one of these annotations: org.springframework.data.redis.core.RedisHash (preferred), or consider extending one of the following types with your repository: org.springframework.data.keyvalue.repository.KeyValueRepository
2022-12-21 08:57:44.759  INFO [card-issuer,,] 13036 --- [main] .RepositoryConfigurationExtensionSupport : Spring Data Redis - Could not safely identify store assignment for repository candidate interface com.modsen.cardissuer.repository.UserRepository; If you want this repository to be a Redis repository, consider annotating your entities with one of these annotations: org.springframework.data.redis.core.RedisHash (preferred), or consider extending one of the following types with your repository: org.springframework.data.keyvalue.repository.KeyValueRepository
2022-12-21 08:57:44.760  INFO [card-issuer,,] 13036 --- [main] .RepositoryConfigurationExtensionSupport : Spring Data Redis - Could not safely identify store assignment for repository candidate interface com.modsen.cardissuer.repository.UsersCardsRepository; If you want this repository to be a Redis repository, consider annotating your entities with one of these annotations: org.springframework.data.redis.core.RedisHash (preferred), or consider extending one of the following types with your repository: org.springframework.data.keyvalue.repository.KeyValueRepository
2022-12-21 08:57:44.761  INFO [card-issuer,,] 13036 --- [main] .s.d.r.c.RepositoryConfigurationDelegate : Finished Spring Data repository scanning in 16 ms. Found 0 Redis repository interfaces.
2022-12-21 08:57:44.915  WARN [card-issuer,,] 13036 --- [main] o.s.boot.actuate.endpoint.EndpointId     : Endpoint ID 'hystrix.stream' contains invalid characters, please migrate to a valid format.
2022-12-21 08:57:45.194  INFO [card-issuer,,] 13036 --- [main] o.s.cloud.context.scope.GenericScope     : BeanFactory id=a560abca-9fa9-3558-ab77-cbafca74c665
2022-12-21 08:57:46.453  WARN [card-issuer,,] 13036 --- [main] c.n.c.sources.URLConfigurationSource     : No URLs will be polled as dynamic configuration sources.
2022-12-21 08:57:46.454  INFO [card-issuer,,] 13036 --- [main] c.n.c.sources.URLConfigurationSource     : To enable URLs as dynamic configuration sources, define System property archaius.configurationSource.additionalUrls or make config.properties available on classpath.
2022-12-21 08:57:46.465  INFO [card-issuer,,] 13036 --- [main] c.netflix.config.DynamicPropertyFactory  : DynamicPropertyFactory is initialized with configuration sources: com.netflix.config.ConcurrentCompositeConfiguration@6d7677d8
2022-12-21 08:57:46.861  INFO [card-issuer,,] 13036 --- [main] o.hibernate.jpa.internal.util.LogHelper  : HHH000204: Processing PersistenceUnitInfo [name: default]
2022-12-21 08:57:46.929  INFO [card-issuer,,] 13036 --- [main] org.hibernate.Version                    : HHH000412: Hibernate ORM core version 5.6.11.Final
2022-12-21 08:57:47.134  INFO [card-issuer,,] 13036 --- [main] o.hibernate.annotations.common.Version   : HCANN000001: Hibernate Commons Annotations {5.1.2.Final}
2022-12-21 08:57:47.282  INFO [card-issuer,,] 13036 --- [main] com.zaxxer.hikari.HikariDataSource       : HikariPool-1 - Starting...
2022-12-21 08:57:47.503  INFO [card-issuer,,] 13036 --- [main] com.zaxxer.hikari.HikariDataSource       : HikariPool-1 - Start completed.
2022-12-21 08:57:47.532  INFO [card-issuer,,] 13036 --- [main] org.hibernate.dialect.Dialect            : HHH000400: Using dialect: org.hibernate.dialect.PostgreSQL10Dialect
2022-12-21 08:57:48.309  INFO [card-issuer,,] 13036 --- [main] o.h.e.t.j.p.i.JtaPlatformInitiator       : HHH000490: Using JtaPlatform implementation: [org.hibernate.engine.transaction.jta.platform.internal.NoJtaPlatform]
2022-12-21 08:57:48.319  INFO [card-issuer,,] 13036 --- [main] j.LocalContainerEntityManagerFactoryBean : Initialized JPA EntityManagerFactory for persistence unit 'default'
2022-12-21 08:57:49.406  WARN [card-issuer,,] 13036 --- [main] JpaBaseConfiguration$JpaWebConfiguration : spring.jpa.open-in-view is enabled by default. Therefore, database queries may be performed during view rendering. Explicitly configure spring.jpa.open-in-view to disable this warning
2022-12-21 08:57:49.608  INFO [card-issuer,,] 13036 --- [main] o.s.c.openfeign.FeignClientFactoryBean   : For 'BalanceFromCard' URL not provided. Will try picking an instance via load-balancing.
2022-12-21 08:57:50.166  WARN [card-issuer,,] 13036 --- [main] c.n.c.sources.URLConfigurationSource     : No URLs will be polled as dynamic configuration sources.
2022-12-21 08:57:50.167  INFO [card-issuer,,] 13036 --- [main] c.n.c.sources.URLConfigurationSource     : To enable URLs as dynamic configuration sources, define System property archaius.configurationSource.additionalUrls or make config.properties available on classpath.
2022-12-21 08:57:53.993  INFO [card-issuer,,] 13036 --- [main] DiscoveryClientOptionalArgsConfiguration : Eureka HTTP Client uses RestTemplate.
2022-12-21 08:57:54.239  WARN [card-issuer,,] 13036 --- [main] iguration$LoadBalancerCaffeineWarnLogger : Spring Cloud LoadBalancer is currently working with the default cache. While this cache implementation is useful for development and tests, it's recommended to use Caffeine cache in production.You can switch to using Caffeine cache, by adding it and org.springframework.cache.caffeine.CaffeineCacheManager to the classpath.
2022-12-21 08:57:54.451  INFO [card-issuer,,] 13036 --- [main] o.s.b.a.e.web.EndpointLinksResolver      : Exposing 1 endpoint(s) beneath base path '/actuator'
2022-12-21 08:57:54.606  INFO [card-issuer,,] 13036 --- [main] o.a.k.clients.consumer.ConsumerConfig    : ConsumerConfig values: 
	allow.auto.create.topics = true
	auto.commit.interval.ms = 5000
	auto.offset.reset = latest
	bootstrap.servers = [localhost:29092]
	check.crcs = true
	client.dns.lookup = use_all_dns_ips
	client.id = consumer-app.1-1
	client.rack = 
	connections.max.idle.ms = 540000
	default.api.timeout.ms = 60000
	enable.auto.commit = false
	exclude.internal.topics = true
	fetch.max.bytes = 52428800
	fetch.max.wait.ms = 500
	fetch.min.bytes = 1
	group.id = app.1
	group.instance.id = null
	heartbeat.interval.ms = 3000
	interceptor.classes = []
	internal.leave.group.on.close = true
	internal.throw.on.fetch.stable.offset.unsupported = false
	isolation.level = read_uncommitted
	key.deserializer = class org.apache.kafka.common.serialization.StringDeserializer
	max.partition.fetch.bytes = 1048576
	max.poll.interval.ms = 300000
	max.poll.records = 500
	metadata.max.age.ms = 300000
	metric.reporters = []
	metrics.num.samples = 2
	metrics.recording.level = INFO
	metrics.sample.window.ms = 30000
	partition.assignment.strategy = [class org.apache.kafka.clients.consumer.RangeAssignor, class org.apache.kafka.clients.consumer.CooperativeStickyAssignor]
	receive.buffer.bytes = 65536
	reconnect.backoff.max.ms = 1000
	reconnect.backoff.ms = 50
	request.timeout.ms = 30000
	retry.backoff.ms = 100
	sasl.client.callback.handler.class = null
	sasl.jaas.config = null
	sasl.kerberos.kinit.cmd = /usr/bin/kinit
	sasl.kerberos.min.time.before.relogin = 60000
	sasl.kerberos.service.name = null
	sasl.kerberos.ticket.renew.jitter = 0.05
	sasl.kerberos.ticket.renew.window.factor = 0.8
	sasl.login.callback.handler.class = null
	sasl.login.class = null
	sasl.login.connect.timeout.ms = null
	sasl.login.read.timeout.ms = null
	sasl.login.refresh.buffer.seconds = 300
	sasl.login.refresh.min.period.seconds = 60
	sasl.login.refresh.window.factor = 0.8
	sasl.login.refresh.window.jitter = 0.05
	sasl.login.retry.backoff.max.ms = 10000
	sasl.login.retry.backoff.ms = 100
	sasl.mechanism = GSSAPI
	sasl.oauthbearer.clock.skew.seconds = 30
	sasl.oauthbearer.expected.audience = null
	sasl.oauthbearer.expected.issuer = null
	sasl.oauthbearer.jwks.endpoint.refresh.ms = 3600000
	sasl.oauthbearer.jwks.endpoint.retry.backoff.max.ms = 10000
	sasl.oauthbearer.jwks.endpoint.retry.backoff.ms = 100
	sasl.oauthbearer.jwks.endpoint.url = null
	sasl.oauthbearer.scope.claim.name = scope
	sasl.oauthbearer.sub.claim.name = sub
	sasl.oauthbearer.token.endpoint.url = null
	security.protocol = PLAINTEXT
	security.providers = null
	send.buffer.bytes = 131072
	session.timeout.ms = 45000
	socket.connection.setup.timeout.max.ms = 30000
	socket.connection.setup.timeout.ms = 10000
	ssl.cipher.suites = null
	ssl.enabled.protocols = [TLSv1.2, TLSv1.3]
	ssl.endpoint.identification.algorithm = https
	ssl.engine.factory.class = null
	ssl.key.password = null
	ssl.keymanager.algorithm = SunX509
	ssl.keystore.certificate.chain = null
	ssl.keystore.key = null
	ssl.keystore.location = null
	ssl.keystore.password = null
	ssl.keystore.type = JKS
	ssl.protocol = TLSv1.3
	ssl.provider = null
	ssl.secure.random.implementation = null
	ssl.trustmanager.algorithm = PKIX
	ssl.truststore.certificates = null
	ssl.truststore.location = null
	ssl.truststore.password = null
	ssl.truststore.type = JKS
	value.deserializer = class org.apache.kafka.common.serialization.StringDeserializer

2022-12-21 08:57:54.778  INFO [card-issuer,,] 13036 --- [main] o.a.kafka.common.utils.AppInfoParser     : Kafka version: 3.1.2
2022-12-21 08:57:54.778  INFO [card-issuer,,] 13036 --- [main] o.a.kafka.common.utils.AppInfoParser     : Kafka commitId: f8c67dc3ae0a3265
2022-12-21 08:57:54.779  INFO [card-issuer,,] 13036 --- [main] o.a.kafka.common.utils.AppInfoParser     : Kafka startTimeMs: 1671602274776
2022-12-21 08:57:54.783  INFO [card-issuer,,] 13036 --- [main] o.a.k.clients.consumer.KafkaConsumer     : [Consumer clientId=consumer-app.1-1, groupId=app.1] Subscribed to topic(s): balanceResponse
2022-12-21 08:57:54.817  INFO [card-issuer,,] 13036 --- [main] LoadBalancerBalanceClientIntegrationTest : Started LoadBalancerBalanceClientIntegrationTest in 12.44 seconds (JVM running for 13.845)
2022-12-21 08:57:55.105  INFO [card-issuer,,] 13036 --- [org.springframework.kafka.KafkaListenerEndpointContainer#0-0-C-1] org.apache.kafka.clients.NetworkClient   : [Consumer clientId=consumer-app.1-1, groupId=app.1] Node -1 disconnected.
2022-12-21 08:57:55.107  WARN [card-issuer,,] 13036 --- [org.springframework.kafka.KafkaListenerEndpointContainer#0-0-C-1] org.apache.kafka.clients.NetworkClient   : [Consumer clientId=consumer-app.1-1, groupId=app.1] Connection to node -1 (localhost/127.0.0.1:29092) could not be established. Broker may not be available.
2022-12-21 08:57:55.107  WARN [card-issuer,,] 13036 --- [org.springframework.kafka.KafkaListenerEndpointContainer#0-0-C-1] org.apache.kafka.clients.NetworkClient   : [Consumer clientId=consumer-app.1-1, groupId=app.1] Bootstrap broker localhost:29092 (id: -1 rack: null) disconnected
2022-12-21 08:57:55.118  INFO [card-issuer,,] 13036 --- [main] org.eclipse.jetty.util.log               : Logging initialized @14146ms to org.eclipse.jetty.util.log.Slf4jLog
2022-12-21 08:57:55.206  INFO [card-issuer,,] 13036 --- [org.springframework.kafka.KafkaListenerEndpointContainer#0-0-C-1] org.apache.kafka.clients.NetworkClient   : [Consumer clientId=consumer-app.1-1, groupId=app.1] Node -1 disconnected.
2022-12-21 08:57:55.207  WARN [card-issuer,,] 13036 --- [org.springframework.kafka.KafkaListenerEndpointContainer#0-0-C-1] org.apache.kafka.clients.NetworkClient   : [Consumer clientId=consumer-app.1-1, groupId=app.1] Connection to node -1 (localhost/127.0.0.1:29092) could not be established. Broker may not be available.
2022-12-21 08:57:55.207  WARN [card-issuer,,] 13036 --- [org.springframework.kafka.KafkaListenerEndpointContainer#0-0-C-1] org.apache.kafka.clients.NetworkClient   : [Consumer clientId=consumer-app.1-1, groupId=app.1] Bootstrap broker localhost:29092 (id: -1 rack: null) disconnected
2022-12-21 08:57:55.307  INFO [card-issuer,,] 13036 --- [org.springframework.kafka.KafkaListenerEndpointContainer#0-0-C-1] org.apache.kafka.clients.NetworkClient   : [Consumer clientId=consumer-app.1-1, groupId=app.1] Node -1 disconnected.
2022-12-21 08:57:55.307  WARN [card-issuer,,] 13036 --- [org.springframework.kafka.KafkaListenerEndpointContainer#0-0-C-1] org.apache.kafka.clients.NetworkClient   : [Consumer clientId=consumer-app.1-1, groupId=app.1] Connection to node -1 (localhost/127.0.0.1:29092) could not be established. Broker may not be available.
2022-12-21 08:57:55.307  WARN [card-issuer,,] 13036 --- [org.springframework.kafka.KafkaListenerEndpointContainer#0-0-C-1] org.apache.kafka.clients.NetworkClient   : [Consumer clientId=consumer-app.1-1, groupId=app.1] Bootstrap broker localhost:29092 (id: -1 rack: null) disconnected
2022-12-21 08:57:55.437  INFO [card-issuer,,] 13036 --- [main] org.eclipse.jetty.server.Server          : jetty-9.4.49.v20220914; built: 2022-09-14T01:07:36.601Z; git: 4231a3b2e4cb8548a412a789936d640a97b1aa0a; jvm 16+36-2231
2022-12-21 08:57:55.458  INFO [card-issuer,,] 13036 --- [main] o.e.jetty.server.handler.ContextHandler  : Started o.e.j.s.ServletContextHandler@9b64076{/__admin,null,AVAILABLE}
2022-12-21 08:57:55.460  INFO [card-issuer,,] 13036 --- [main] o.e.jetty.server.handler.ContextHandler  : Started o.e.j.s.ServletContextHandler@2899f9e9{/,null,AVAILABLE}
2022-12-21 08:57:55.471  INFO [card-issuer,,] 13036 --- [main] o.e.jetty.server.AbstractConnector       : Started NetworkTrafficServerConnector@5a7a1c19{HTTP/1.1, (http/1.1)}{0.0.0.0:9002}
2022-12-21 08:57:55.471  INFO [card-issuer,,] 13036 --- [main] org.eclipse.jetty.server.Server          : Started @14499ms
2022-12-21 08:57:55.472  INFO [card-issuer,,] 13036 --- [main] org.eclipse.jetty.server.Server          : jetty-9.4.49.v20220914; built: 2022-09-14T01:07:36.601Z; git: 4231a3b2e4cb8548a412a789936d640a97b1aa0a; jvm 16+36-2231
2022-12-21 08:57:55.473  INFO [card-issuer,,] 13036 --- [main] o.e.jetty.server.handler.ContextHandler  : Started o.e.j.s.ServletContextHandler@3bb728d1{/__admin,null,AVAILABLE}
2022-12-21 08:57:55.474  INFO [card-issuer,,] 13036 --- [main] o.e.jetty.server.handler.ContextHandler  : Started o.e.j.s.ServletContextHandler@7caeba34{/,null,AVAILABLE}
2022-12-21 08:57:55.476  INFO [card-issuer,,] 13036 --- [main] o.e.jetty.server.AbstractConnector       : Started NetworkTrafficServerConnector@3e207a23{HTTP/1.1, (http/1.1)}{0.0.0.0:9003}
2022-12-21 08:57:55.477  INFO [card-issuer,,] 13036 --- [main] org.eclipse.jetty.server.Server          : Started @14505ms
2022-12-21 08:57:55.560  INFO [card-issuer,,] 13036 --- [org.springframework.kafka.KafkaListenerEndpointContainer#0-0-C-1] org.apache.kafka.clients.NetworkClient   : [Consumer clientId=consumer-app.1-1, groupId=app.1] Node -1 disconnected.
2022-12-21 08:57:55.560  WARN [card-issuer,,] 13036 --- [org.springframework.kafka.KafkaListenerEndpointContainer#0-0-C-1] org.apache.kafka.clients.NetworkClient   : [Consumer clientId=consumer-app.1-1, groupId=app.1] Connection to node -1 (localhost/127.0.0.1:29092) could not be established. Broker may not be available.
2022-12-21 08:57:55.560  WARN [card-issuer,,] 13036 --- [org.springframework.kafka.KafkaListenerEndpointContainer#0-0-C-1] org.apache.kafka.clients.NetworkClient   : [Consumer clientId=consumer-app.1-1, groupId=app.1] Bootstrap broker localhost:29092 (id: -1 rack: null) disconnected
2022-12-21 08:57:55.694  INFO [card-issuer,,] 13036 --- [qtp1944112135-259] o.e.j.s.handler.ContextHandler.ROOT      : RequestHandlerClass from context returned com.github.tomakehurst.wiremock.http.StubRequestHandler. Normalized mapped under returned 'null'
2022-12-21 08:57:55.821  INFO [card-issuer,,] 13036 --- [qtp488326542-267] o.e.j.s.handler.ContextHandler.ROOT      : RequestHandlerClass from context returned com.github.tomakehurst.wiremock.http.StubRequestHandler. Normalized mapped under returned 'null'
2022-12-21 08:57:55.876  INFO [card-issuer,,] 13036 --- [main] o.e.jetty.server.AbstractConnector       : Stopped NetworkTrafficServerConnector@5a7a1c19{HTTP/1.1, (http/1.1)}{0.0.0.0:9002}
2022-12-21 08:57:55.877  INFO [card-issuer,,] 13036 --- [main] o.e.jetty.server.handler.ContextHandler  : Stopped o.e.j.s.ServletContextHandler@2899f9e9{/,null,STOPPED}
2022-12-21 08:57:55.877  INFO [card-issuer,,] 13036 --- [main] o.e.jetty.server.handler.ContextHandler  : Stopped o.e.j.s.ServletContextHandler@9b64076{/__admin,null,STOPPED}
2022-12-21 08:57:55.880  INFO [card-issuer,,] 13036 --- [main] o.e.jetty.server.AbstractConnector       : Stopped NetworkTrafficServerConnector@3e207a23{HTTP/1.1, (http/1.1)}{0.0.0.0:9003}
2022-12-21 08:57:55.880  INFO [card-issuer,,] 13036 --- [main] o.e.jetty.server.handler.ContextHandler  : Stopped o.e.j.s.ServletContextHandler@7caeba34{/,null,STOPPED}
2022-12-21 08:57:55.880  INFO [card-issuer,,] 13036 --- [main] o.e.jetty.server.handler.ContextHandler  : Stopped o.e.j.s.ServletContextHandler@3bb728d1{/__admin,null,STOPPED}
2022-12-21 08:57:55.900  INFO [card-issuer,,] 13036 --- [org.springframework.kafka.KafkaListenerEndpointContainer#0-0-C-1] o.a.k.c.c.internals.ConsumerCoordinator  : [Consumer clientId=consumer-app.1-1, groupId=app.1] Resetting generation due to: consumer pro-actively leaving the group
2022-12-21 08:57:55.900  INFO [card-issuer,,] 13036 --- [org.springframework.kafka.KafkaListenerEndpointContainer#0-0-C-1] o.a.k.c.c.internals.ConsumerCoordinator  : [Consumer clientId=consumer-app.1-1, groupId=app.1] Request joining group due to: consumer pro-actively leaving the group
2022-12-21 08:57:55.900  INFO [card-issuer,,] 13036 --- [org.springframework.kafka.KafkaListenerEndpointContainer#0-0-C-1] o.a.k.clients.consumer.KafkaConsumer     : [Consumer clientId=consumer-app.1-1, groupId=app.1] Unsubscribed all topics or patterns and assigned partitions
2022-12-21 08:57:55.900  INFO [card-issuer,,] 13036 --- [org.springframework.kafka.KafkaListenerEndpointContainer#0-0-C-1] o.a.k.c.c.internals.ConsumerCoordinator  : [Consumer clientId=consumer-app.1-1, groupId=app.1] Resetting generation due to: consumer pro-actively leaving the group
2022-12-21 08:57:55.900  INFO [card-issuer,,] 13036 --- [org.springframework.kafka.KafkaListenerEndpointContainer#0-0-C-1] o.a.k.c.c.internals.ConsumerCoordinator  : [Consumer clientId=consumer-app.1-1, groupId=app.1] Request joining group due to: consumer pro-actively leaving the group
2022-12-21 08:57:55.901  INFO [card-issuer,,] 13036 --- [org.springframework.kafka.KafkaListenerEndpointContainer#0-0-C-1] org.apache.kafka.common.metrics.Metrics  : Metrics scheduler closed
2022-12-21 08:57:55.902  INFO [card-issuer,,] 13036 --- [org.springframework.kafka.KafkaListenerEndpointContainer#0-0-C-1] org.apache.kafka.common.metrics.Metrics  : Closing reporter org.apache.kafka.common.metrics.JmxReporter
2022-12-21 08:57:55.902  INFO [card-issuer,,] 13036 --- [org.springframework.kafka.KafkaListenerEndpointContainer#0-0-C-1] org.apache.kafka.common.metrics.Metrics  : Metrics reporters closed
2022-12-21 08:57:55.907  INFO [card-issuer,,] 13036 --- [org.springframework.kafka.KafkaListenerEndpointContainer#0-0-C-1] o.a.kafka.common.utils.AppInfoParser     : App info kafka.consumer for consumer-app.1-1 unregistered
2022-12-21 08:57:55.908  INFO [card-issuer,,] 13036 --- [org.springframework.kafka.KafkaListenerEndpointContainer#0-0-C-1] o.s.k.l.KafkaMessageListenerContainer    : app.1: Consumer stopped
2022-12-21 08:57:55.934  INFO [card-issuer,,] 13036 --- [SpringApplicationShutdownHook] j.LocalContainerEntityManagerFactoryBean : Closing JPA EntityManagerFactory for persistence unit 'default'
2022-12-21 08:57:55.949  INFO [card-issuer,,] 13036 --- [SpringApplicationShutdownHook] com.zaxxer.hikari.HikariDataSource       : HikariPool-1 - Shutdown initiated...
2022-12-21 08:57:55.954  INFO [card-issuer,,] 13036 --- [SpringApplicationShutdownHook] com.zaxxer.hikari.HikariDataSource       : HikariPool-1 - Shutdown completed.
2022-12-21 08:58:47.204  INFO [card-issuer,,] 20904 --- [main] LoadBalancerBalanceClientIntegrationTest : Starting LoadBalancerBalanceClientIntegrationTest using Java 16 on DESKTOP-KK0E7CC with PID 20904 (started by Abramcev in D:\cardissuer)
2022-12-21 08:58:47.206 DEBUG [card-issuer,,] 20904 --- [main] LoadBalancerBalanceClientIntegrationTest : Running with Spring Boot v2.7.4, Spring v5.3.23
2022-12-21 08:58:47.206  INFO [card-issuer,,] 20904 --- [main] LoadBalancerBalanceClientIntegrationTest : The following 1 profile is active: "test"
2022-12-21 08:58:48.871  INFO [card-issuer,,] 20904 --- [main] .s.d.r.c.RepositoryConfigurationDelegate : Multiple Spring Data modules found, entering strict repository configuration mode
2022-12-21 08:58:48.873  INFO [card-issuer,,] 20904 --- [main] .s.d.r.c.RepositoryConfigurationDelegate : Bootstrapping Spring Data JPA repositories in DEFAULT mode.
2022-12-21 08:58:49.068  INFO [card-issuer,,] 20904 --- [main] .s.d.r.c.RepositoryConfigurationDelegate : Finished Spring Data repository scanning in 186 ms. Found 6 JPA repository interfaces.
2022-12-21 08:58:49.080  INFO [card-issuer,,] 20904 --- [main] .s.d.r.c.RepositoryConfigurationDelegate : Multiple Spring Data modules found, entering strict repository configuration mode
2022-12-21 08:58:49.082  INFO [card-issuer,,] 20904 --- [main] .s.d.r.c.RepositoryConfigurationDelegate : Bootstrapping Spring Data Redis repositories in DEFAULT mode.
2022-12-21 08:58:49.104  INFO [card-issuer,,] 20904 --- [main] .RepositoryConfigurationExtensionSupport : Spring Data Redis - Could not safely identify store assignment for repository candidate interface com.modsen.cardissuer.repository.AccessRepository; If you want this repository to be a Redis repository, consider annotating your entities with one of these annotations: org.springframework.data.redis.core.RedisHash (preferred), or consider extending one of the following types with your repository: org.springframework.data.keyvalue.repository.KeyValueRepository
2022-12-21 08:58:49.105  INFO [card-issuer,,] 20904 --- [main] .RepositoryConfigurationExtensionSupport : Spring Data Redis - Could not safely identify store assignment for repository candidate interface com.modsen.cardissuer.repository.CardRepository; If you want this repository to be a Redis repository, consider annotating your entities with one of these annotations: org.springframework.data.redis.core.RedisHash (preferred), or consider extending one of the following types with your repository: org.springframework.data.keyvalue.repository.KeyValueRepository
2022-12-21 08:58:49.106  INFO [card-issuer,,] 20904 --- [main] .RepositoryConfigurationExtensionSupport : Spring Data Redis - Could not safely identify store assignment for repository candidate interface com.modsen.cardissuer.repository.CompanyRepository; If you want this repository to be a Redis repository, consider annotating your entities with one of these annotations: org.springframework.data.redis.core.RedisHash (preferred), or consider extending one of the following types with your repository: org.springframework.data.keyvalue.repository.KeyValueRepository
2022-12-21 08:58:49.107  INFO [card-issuer,,] 20904 --- [main] .RepositoryConfigurationExtensionSupport : Spring Data Redis - Could not safely identify store assignment for repository candidate interface com.modsen.cardissuer.repository.RoleRepository; If you want this repository to be a Redis repository, consider annotating your entities with one of these annotations: org.springframework.data.redis.core.RedisHash (preferred), or consider extending one of the following types with your repository: org.springframework.data.keyvalue.repository.KeyValueRepository
2022-12-21 08:58:49.108  INFO [card-issuer,,] 20904 --- [main] .RepositoryConfigurationExtensionSupport : Spring Data Redis - Could not safely identify store assignment for repository candidate interface com.modsen.cardissuer.repository.UserRepository; If you want this repository to be a Redis repository, consider annotating your entities with one of these annotations: org.springframework.data.redis.core.RedisHash (preferred), or consider extending one of the following types with your repository: org.springframework.data.keyvalue.repository.KeyValueRepository
2022-12-21 08:58:49.109  INFO [card-issuer,,] 20904 --- [main] .RepositoryConfigurationExtensionSupport : Spring Data Redis - Could not safely identify store assignment for repository candidate interface com.modsen.cardissuer.repository.UsersCardsRepository; If you want this repository to be a Redis repository, consider annotating your entities with one of these annotations: org.springframework.data.redis.core.RedisHash (preferred), or consider extending one of the following types with your repository: org.springframework.data.keyvalue.repository.KeyValueRepository
2022-12-21 08:58:49.109  INFO [card-issuer,,] 20904 --- [main] .s.d.r.c.RepositoryConfigurationDelegate : Finished Spring Data repository scanning in 17 ms. Found 0 Redis repository interfaces.
2022-12-21 08:58:49.266  WARN [card-issuer,,] 20904 --- [main] o.s.boot.actuate.endpoint.EndpointId     : Endpoint ID 'hystrix.stream' contains invalid characters, please migrate to a valid format.
2022-12-21 08:58:49.525  INFO [card-issuer,,] 20904 --- [main] o.s.cloud.context.scope.GenericScope     : BeanFactory id=a560abca-9fa9-3558-ab77-cbafca74c665
2022-12-21 08:58:50.834  WARN [card-issuer,,] 20904 --- [main] c.n.c.sources.URLConfigurationSource     : No URLs will be polled as dynamic configuration sources.
2022-12-21 08:58:50.835  INFO [card-issuer,,] 20904 --- [main] c.n.c.sources.URLConfigurationSource     : To enable URLs as dynamic configuration sources, define System property archaius.configurationSource.additionalUrls or make config.properties available on classpath.
2022-12-21 08:58:50.847  INFO [card-issuer,,] 20904 --- [main] c.netflix.config.DynamicPropertyFactory  : DynamicPropertyFactory is initialized with configuration sources: com.netflix.config.ConcurrentCompositeConfiguration@1e1598e5
2022-12-21 08:58:51.242  INFO [card-issuer,,] 20904 --- [main] o.hibernate.jpa.internal.util.LogHelper  : HHH000204: Processing PersistenceUnitInfo [name: default]
2022-12-21 08:58:51.320  INFO [card-issuer,,] 20904 --- [main] org.hibernate.Version                    : HHH000412: Hibernate ORM core version 5.6.11.Final
2022-12-21 08:58:51.531  INFO [card-issuer,,] 20904 --- [main] o.hibernate.annotations.common.Version   : HCANN000001: Hibernate Commons Annotations {5.1.2.Final}
2022-12-21 08:58:51.665  INFO [card-issuer,,] 20904 --- [main] com.zaxxer.hikari.HikariDataSource       : HikariPool-1 - Starting...
2022-12-21 08:58:51.899  INFO [card-issuer,,] 20904 --- [main] com.zaxxer.hikari.HikariDataSource       : HikariPool-1 - Start completed.
2022-12-21 08:58:51.925  INFO [card-issuer,,] 20904 --- [main] org.hibernate.dialect.Dialect            : HHH000400: Using dialect: org.hibernate.dialect.PostgreSQL10Dialect
2022-12-21 08:58:52.704  INFO [card-issuer,,] 20904 --- [main] o.h.e.t.j.p.i.JtaPlatformInitiator       : HHH000490: Using JtaPlatform implementation: [org.hibernate.engine.transaction.jta.platform.internal.NoJtaPlatform]
2022-12-21 08:58:52.711  INFO [card-issuer,,] 20904 --- [main] j.LocalContainerEntityManagerFactoryBean : Initialized JPA EntityManagerFactory for persistence unit 'default'
2022-12-21 08:58:53.754  WARN [card-issuer,,] 20904 --- [main] JpaBaseConfiguration$JpaWebConfiguration : spring.jpa.open-in-view is enabled by default. Therefore, database queries may be performed during view rendering. Explicitly configure spring.jpa.open-in-view to disable this warning
2022-12-21 08:58:53.970  INFO [card-issuer,,] 20904 --- [main] o.s.c.openfeign.FeignClientFactoryBean   : For 'BalanceFromCard' URL not provided. Will try picking an instance via load-balancing.
2022-12-21 08:58:54.527  WARN [card-issuer,,] 20904 --- [main] c.n.c.sources.URLConfigurationSource     : No URLs will be polled as dynamic configuration sources.
2022-12-21 08:58:54.528  INFO [card-issuer,,] 20904 --- [main] c.n.c.sources.URLConfigurationSource     : To enable URLs as dynamic configuration sources, define System property archaius.configurationSource.additionalUrls or make config.properties available on classpath.
2022-12-21 08:58:58.508  INFO [card-issuer,,] 20904 --- [main] DiscoveryClientOptionalArgsConfiguration : Eureka HTTP Client uses RestTemplate.
2022-12-21 08:58:58.780  WARN [card-issuer,,] 20904 --- [main] iguration$LoadBalancerCaffeineWarnLogger : Spring Cloud LoadBalancer is currently working with the default cache. While this cache implementation is useful for development and tests, it's recommended to use Caffeine cache in production.You can switch to using Caffeine cache, by adding it and org.springframework.cache.caffeine.CaffeineCacheManager to the classpath.
2022-12-21 08:58:58.984  INFO [card-issuer,,] 20904 --- [main] o.s.b.a.e.web.EndpointLinksResolver      : Exposing 1 endpoint(s) beneath base path '/actuator'
2022-12-21 08:58:59.146  INFO [card-issuer,,] 20904 --- [main] o.a.k.clients.consumer.ConsumerConfig    : ConsumerConfig values: 
	allow.auto.create.topics = true
	auto.commit.interval.ms = 5000
	auto.offset.reset = latest
	bootstrap.servers = [localhost:29092]
	check.crcs = true
	client.dns.lookup = use_all_dns_ips
	client.id = consumer-app.1-1
	client.rack = 
	connections.max.idle.ms = 540000
	default.api.timeout.ms = 60000
	enable.auto.commit = false
	exclude.internal.topics = true
	fetch.max.bytes = 52428800
	fetch.max.wait.ms = 500
	fetch.min.bytes = 1
	group.id = app.1
	group.instance.id = null
	heartbeat.interval.ms = 3000
	interceptor.classes = []
	internal.leave.group.on.close = true
	internal.throw.on.fetch.stable.offset.unsupported = false
	isolation.level = read_uncommitted
	key.deserializer = class org.apache.kafka.common.serialization.StringDeserializer
	max.partition.fetch.bytes = 1048576
	max.poll.interval.ms = 300000
	max.poll.records = 500
	metadata.max.age.ms = 300000
	metric.reporters = []
	metrics.num.samples = 2
	metrics.recording.level = INFO
	metrics.sample.window.ms = 30000
	partition.assignment.strategy = [class org.apache.kafka.clients.consumer.RangeAssignor, class org.apache.kafka.clients.consumer.CooperativeStickyAssignor]
	receive.buffer.bytes = 65536
	reconnect.backoff.max.ms = 1000
	reconnect.backoff.ms = 50
	request.timeout.ms = 30000
	retry.backoff.ms = 100
	sasl.client.callback.handler.class = null
	sasl.jaas.config = null
	sasl.kerberos.kinit.cmd = /usr/bin/kinit
	sasl.kerberos.min.time.before.relogin = 60000
	sasl.kerberos.service.name = null
	sasl.kerberos.ticket.renew.jitter = 0.05
	sasl.kerberos.ticket.renew.window.factor = 0.8
	sasl.login.callback.handler.class = null
	sasl.login.class = null
	sasl.login.connect.timeout.ms = null
	sasl.login.read.timeout.ms = null
	sasl.login.refresh.buffer.seconds = 300
	sasl.login.refresh.min.period.seconds = 60
	sasl.login.refresh.window.factor = 0.8
	sasl.login.refresh.window.jitter = 0.05
	sasl.login.retry.backoff.max.ms = 10000
	sasl.login.retry.backoff.ms = 100
	sasl.mechanism = GSSAPI
	sasl.oauthbearer.clock.skew.seconds = 30
	sasl.oauthbearer.expected.audience = null
	sasl.oauthbearer.expected.issuer = null
	sasl.oauthbearer.jwks.endpoint.refresh.ms = 3600000
	sasl.oauthbearer.jwks.endpoint.retry.backoff.max.ms = 10000
	sasl.oauthbearer.jwks.endpoint.retry.backoff.ms = 100
	sasl.oauthbearer.jwks.endpoint.url = null
	sasl.oauthbearer.scope.claim.name = scope
	sasl.oauthbearer.sub.claim.name = sub
	sasl.oauthbearer.token.endpoint.url = null
	security.protocol = PLAINTEXT
	security.providers = null
	send.buffer.bytes = 131072
	session.timeout.ms = 45000
	socket.connection.setup.timeout.max.ms = 30000
	socket.connection.setup.timeout.ms = 10000
	ssl.cipher.suites = null
	ssl.enabled.protocols = [TLSv1.2, TLSv1.3]
	ssl.endpoint.identification.algorithm = https
	ssl.engine.factory.class = null
	ssl.key.password = null
	ssl.keymanager.algorithm = SunX509
	ssl.keystore.certificate.chain = null
	ssl.keystore.key = null
	ssl.keystore.location = null
	ssl.keystore.password = null
	ssl.keystore.type = JKS
	ssl.protocol = TLSv1.3
	ssl.provider = null
	ssl.secure.random.implementation = null
	ssl.trustmanager.algorithm = PKIX
	ssl.truststore.certificates = null
	ssl.truststore.location = null
	ssl.truststore.password = null
	ssl.truststore.type = JKS
	value.deserializer = class org.apache.kafka.common.serialization.StringDeserializer

2022-12-21 08:58:59.311  INFO [card-issuer,,] 20904 --- [main] o.a.kafka.common.utils.AppInfoParser     : Kafka version: 3.1.2
2022-12-21 08:58:59.312  INFO [card-issuer,,] 20904 --- [main] o.a.kafka.common.utils.AppInfoParser     : Kafka commitId: f8c67dc3ae0a3265
2022-12-21 08:58:59.312  INFO [card-issuer,,] 20904 --- [main] o.a.kafka.common.utils.AppInfoParser     : Kafka startTimeMs: 1671602339310
2022-12-21 08:58:59.315  INFO [card-issuer,,] 20904 --- [main] o.a.k.clients.consumer.KafkaConsumer     : [Consumer clientId=consumer-app.1-1, groupId=app.1] Subscribed to topic(s): balanceResponse
2022-12-21 08:58:59.349  INFO [card-issuer,,] 20904 --- [main] LoadBalancerBalanceClientIntegrationTest : Started LoadBalancerBalanceClientIntegrationTest in 12.676 seconds (JVM running for 14.083)
2022-12-21 08:58:59.628  INFO [card-issuer,,] 20904 --- [org.springframework.kafka.KafkaListenerEndpointContainer#0-0-C-1] org.apache.kafka.clients.NetworkClient   : [Consumer clientId=consumer-app.1-1, groupId=app.1] Node -1 disconnected.
2022-12-21 08:58:59.630  WARN [card-issuer,,] 20904 --- [org.springframework.kafka.KafkaListenerEndpointContainer#0-0-C-1] org.apache.kafka.clients.NetworkClient   : [Consumer clientId=consumer-app.1-1, groupId=app.1] Connection to node -1 (localhost/127.0.0.1:29092) could not be established. Broker may not be available.
2022-12-21 08:58:59.630  WARN [card-issuer,,] 20904 --- [org.springframework.kafka.KafkaListenerEndpointContainer#0-0-C-1] org.apache.kafka.clients.NetworkClient   : [Consumer clientId=consumer-app.1-1, groupId=app.1] Bootstrap broker localhost:29092 (id: -1 rack: null) disconnected
2022-12-21 08:58:59.654  INFO [card-issuer,,] 20904 --- [main] org.eclipse.jetty.util.log               : Logging initialized @14387ms to org.eclipse.jetty.util.log.Slf4jLog
2022-12-21 08:58:59.729  INFO [card-issuer,,] 20904 --- [org.springframework.kafka.KafkaListenerEndpointContainer#0-0-C-1] org.apache.kafka.clients.NetworkClient   : [Consumer clientId=consumer-app.1-1, groupId=app.1] Node -1 disconnected.
2022-12-21 08:58:59.730  WARN [card-issuer,,] 20904 --- [org.springframework.kafka.KafkaListenerEndpointContainer#0-0-C-1] org.apache.kafka.clients.NetworkClient   : [Consumer clientId=consumer-app.1-1, groupId=app.1] Connection to node -1 (localhost/127.0.0.1:29092) could not be established. Broker may not be available.
2022-12-21 08:58:59.730  WARN [card-issuer,,] 20904 --- [org.springframework.kafka.KafkaListenerEndpointContainer#0-0-C-1] org.apache.kafka.clients.NetworkClient   : [Consumer clientId=consumer-app.1-1, groupId=app.1] Bootstrap broker localhost:29092 (id: -1 rack: null) disconnected
2022-12-21 08:58:59.880  INFO [card-issuer,,] 20904 --- [org.springframework.kafka.KafkaListenerEndpointContainer#0-0-C-1] org.apache.kafka.clients.NetworkClient   : [Consumer clientId=consumer-app.1-1, groupId=app.1] Node -1 disconnected.
2022-12-21 08:58:59.881  WARN [card-issuer,,] 20904 --- [org.springframework.kafka.KafkaListenerEndpointContainer#0-0-C-1] org.apache.kafka.clients.NetworkClient   : [Consumer clientId=consumer-app.1-1, groupId=app.1] Connection to node -1 (localhost/127.0.0.1:29092) could not be established. Broker may not be available.
2022-12-21 08:58:59.881  WARN [card-issuer,,] 20904 --- [org.springframework.kafka.KafkaListenerEndpointContainer#0-0-C-1] org.apache.kafka.clients.NetworkClient   : [Consumer clientId=consumer-app.1-1, groupId=app.1] Bootstrap broker localhost:29092 (id: -1 rack: null) disconnected
2022-12-21 08:59:00.040  INFO [card-issuer,,] 20904 --- [main] org.eclipse.jetty.server.Server          : jetty-9.4.49.v20220914; built: 2022-09-14T01:07:36.601Z; git: 4231a3b2e4cb8548a412a789936d640a97b1aa0a; jvm 16+36-2231
2022-12-21 08:59:00.061  INFO [card-issuer,,] 20904 --- [main] o.e.jetty.server.handler.ContextHandler  : Started o.e.j.s.ServletContextHandler@2a872d5e{/__admin,null,AVAILABLE}
2022-12-21 08:59:00.063  INFO [card-issuer,,] 20904 --- [main] o.e.jetty.server.handler.ContextHandler  : Started o.e.j.s.ServletContextHandler@58c92c02{/,null,AVAILABLE}
2022-12-21 08:59:00.075  INFO [card-issuer,,] 20904 --- [main] o.e.jetty.server.AbstractConnector       : Started NetworkTrafficServerConnector@4e26774d{HTTP/1.1, (http/1.1)}{0.0.0.0:9002}
2022-12-21 08:59:00.075  INFO [card-issuer,,] 20904 --- [main] org.eclipse.jetty.server.Server          : Started @14808ms
2022-12-21 08:59:00.075  INFO [card-issuer,,] 20904 --- [main] org.eclipse.jetty.server.Server          : jetty-9.4.49.v20220914; built: 2022-09-14T01:07:36.601Z; git: 4231a3b2e4cb8548a412a789936d640a97b1aa0a; jvm 16+36-2231
2022-12-21 08:59:00.077  INFO [card-issuer,,] 20904 --- [main] o.e.jetty.server.handler.ContextHandler  : Started o.e.j.s.ServletContextHandler@56c8c77e{/__admin,null,AVAILABLE}
2022-12-21 08:59:00.077  INFO [card-issuer,,] 20904 --- [main] o.e.jetty.server.handler.ContextHandler  : Started o.e.j.s.ServletContextHandler@4df0be5e{/,null,AVAILABLE}
2022-12-21 08:59:00.079  INFO [card-issuer,,] 20904 --- [main] o.e.jetty.server.AbstractConnector       : Started NetworkTrafficServerConnector@47209d16{HTTP/1.1, (http/1.1)}{0.0.0.0:9003}
2022-12-21 08:59:00.079  INFO [card-issuer,,] 20904 --- [main] org.eclipse.jetty.server.Server          : Started @14813ms
2022-12-21 08:59:00.082  INFO [card-issuer,,] 20904 --- [org.springframework.kafka.KafkaListenerEndpointContainer#0-0-C-1] org.apache.kafka.clients.NetworkClient   : [Consumer clientId=consumer-app.1-1, groupId=app.1] Node -1 disconnected.
2022-12-21 08:59:00.083  WARN [card-issuer,,] 20904 --- [org.springframework.kafka.KafkaListenerEndpointContainer#0-0-C-1] org.apache.kafka.clients.NetworkClient   : [Consumer clientId=consumer-app.1-1, groupId=app.1] Connection to node -1 (localhost/127.0.0.1:29092) could not be established. Broker may not be available.
2022-12-21 08:59:00.083  WARN [card-issuer,,] 20904 --- [org.springframework.kafka.KafkaListenerEndpointContainer#0-0-C-1] org.apache.kafka.clients.NetworkClient   : [Consumer clientId=consumer-app.1-1, groupId=app.1] Bootstrap broker localhost:29092 (id: -1 rack: null) disconnected
2022-12-21 08:59:00.295  INFO [card-issuer,,] 20904 --- [qtp778235104-267] o.e.j.s.handler.ContextHandler.ROOT      : RequestHandlerClass from context returned com.github.tomakehurst.wiremock.http.StubRequestHandler. Normalized mapped under returned 'null'
2022-12-21 08:59:00.454  INFO [card-issuer,,] 20904 --- [qtp1981023350-259] o.e.j.s.handler.ContextHandler.ROOT      : RequestHandlerClass from context returned com.github.tomakehurst.wiremock.http.StubRequestHandler. Normalized mapped under returned 'null'
2022-12-21 08:59:00.515  INFO [card-issuer,,] 20904 --- [main] o.e.jetty.server.AbstractConnector       : Stopped NetworkTrafficServerConnector@4e26774d{HTTP/1.1, (http/1.1)}{0.0.0.0:9002}
2022-12-21 08:59:00.516  INFO [card-issuer,,] 20904 --- [main] o.e.jetty.server.handler.ContextHandler  : Stopped o.e.j.s.ServletContextHandler@58c92c02{/,null,STOPPED}
2022-12-21 08:59:00.516  INFO [card-issuer,,] 20904 --- [main] o.e.jetty.server.handler.ContextHandler  : Stopped o.e.j.s.ServletContextHandler@2a872d5e{/__admin,null,STOPPED}
2022-12-21 08:59:00.519  INFO [card-issuer,,] 20904 --- [main] o.e.jetty.server.AbstractConnector       : Stopped NetworkTrafficServerConnector@47209d16{HTTP/1.1, (http/1.1)}{0.0.0.0:9003}
2022-12-21 08:59:00.519  INFO [card-issuer,,] 20904 --- [main] o.e.jetty.server.handler.ContextHandler  : Stopped o.e.j.s.ServletContextHandler@4df0be5e{/,null,STOPPED}
2022-12-21 08:59:00.520  INFO [card-issuer,,] 20904 --- [main] o.e.jetty.server.handler.ContextHandler  : Stopped o.e.j.s.ServletContextHandler@56c8c77e{/__admin,null,STOPPED}
2022-12-21 08:59:00.536  INFO [card-issuer,,] 20904 --- [org.springframework.kafka.KafkaListenerEndpointContainer#0-0-C-1] org.apache.kafka.clients.NetworkClient   : [Consumer clientId=consumer-app.1-1, groupId=app.1] Node -1 disconnected.
2022-12-21 08:59:00.537  WARN [card-issuer,,] 20904 --- [org.springframework.kafka.KafkaListenerEndpointContainer#0-0-C-1] org.apache.kafka.clients.NetworkClient   : [Consumer clientId=consumer-app.1-1, groupId=app.1] Connection to node -1 (localhost/127.0.0.1:29092) could not be established. Broker may not be available.
2022-12-21 08:59:00.537  WARN [card-issuer,,] 20904 --- [org.springframework.kafka.KafkaListenerEndpointContainer#0-0-C-1] org.apache.kafka.clients.NetworkClient   : [Consumer clientId=consumer-app.1-1, groupId=app.1] Bootstrap broker localhost:29092 (id: -1 rack: null) disconnected
2022-12-21 08:59:00.539  INFO [card-issuer,,] 20904 --- [org.springframework.kafka.KafkaListenerEndpointContainer#0-0-C-1] o.a.k.c.c.internals.ConsumerCoordinator  : [Consumer clientId=consumer-app.1-1, groupId=app.1] Resetting generation due to: consumer pro-actively leaving the group
2022-12-21 08:59:00.540  INFO [card-issuer,,] 20904 --- [org.springframework.kafka.KafkaListenerEndpointContainer#0-0-C-1] o.a.k.c.c.internals.ConsumerCoordinator  : [Consumer clientId=consumer-app.1-1, groupId=app.1] Request joining group due to: consumer pro-actively leaving the group
2022-12-21 08:59:00.540  INFO [card-issuer,,] 20904 --- [org.springframework.kafka.KafkaListenerEndpointContainer#0-0-C-1] o.a.k.clients.consumer.KafkaConsumer     : [Consumer clientId=consumer-app.1-1, groupId=app.1] Unsubscribed all topics or patterns and assigned partitions
2022-12-21 08:59:00.540  INFO [card-issuer,,] 20904 --- [org.springframework.kafka.KafkaListenerEndpointContainer#0-0-C-1] o.a.k.c.c.internals.ConsumerCoordinator  : [Consumer clientId=consumer-app.1-1, groupId=app.1] Resetting generation due to: consumer pro-actively leaving the group
2022-12-21 08:59:00.540  INFO [card-issuer,,] 20904 --- [org.springframework.kafka.KafkaListenerEndpointContainer#0-0-C-1] o.a.k.c.c.internals.ConsumerCoordinator  : [Consumer clientId=consumer-app.1-1, groupId=app.1] Request joining group due to: consumer pro-actively leaving the group
2022-12-21 08:59:00.541  INFO [card-issuer,,] 20904 --- [org.springframework.kafka.KafkaListenerEndpointContainer#0-0-C-1] org.apache.kafka.common.metrics.Metrics  : Metrics scheduler closed
2022-12-21 08:59:00.542  INFO [card-issuer,,] 20904 --- [org.springframework.kafka.KafkaListenerEndpointContainer#0-0-C-1] org.apache.kafka.common.metrics.Metrics  : Closing reporter org.apache.kafka.common.metrics.JmxReporter
2022-12-21 08:59:00.542  INFO [card-issuer,,] 20904 --- [org.springframework.kafka.KafkaListenerEndpointContainer#0-0-C-1] org.apache.kafka.common.metrics.Metrics  : Metrics reporters closed
2022-12-21 08:59:00.548  INFO [card-issuer,,] 20904 --- [org.springframework.kafka.KafkaListenerEndpointContainer#0-0-C-1] o.a.kafka.common.utils.AppInfoParser     : App info kafka.consumer for consumer-app.1-1 unregistered
2022-12-21 08:59:00.549  INFO [card-issuer,,] 20904 --- [org.springframework.kafka.KafkaListenerEndpointContainer#0-0-C-1] o.s.k.l.KafkaMessageListenerContainer    : app.1: Consumer stopped
2022-12-21 08:59:00.579  INFO [card-issuer,,] 20904 --- [SpringApplicationShutdownHook] j.LocalContainerEntityManagerFactoryBean : Closing JPA EntityManagerFactory for persistence unit 'default'
2022-12-21 08:59:00.595  INFO [card-issuer,,] 20904 --- [SpringApplicationShutdownHook] com.zaxxer.hikari.HikariDataSource       : HikariPool-1 - Shutdown initiated...
2022-12-21 08:59:00.604  INFO [card-issuer,,] 20904 --- [SpringApplicationShutdownHook] com.zaxxer.hikari.HikariDataSource       : HikariPool-1 - Shutdown completed.
